<?xml version="1.0" encoding="UTF-8"?>
<testsuite name="IsogramCheckerTest" tests="12" skipped="0" failures="0" errors="0" timestamp="2019-02-08T14:39:45" hostname="Andrews-MacBook-Pro.local" time="0.027">
  <properties/>
  <testcase name="testDuplicateEndAlphabet" classname="IsogramCheckerTest" time="0.009"/>
  <testcase name="testIsogramWithDuplicatedHyphen" classname="IsogramCheckerTest" time="0.005"/>
  <testcase name="testCaseInsensitive" classname="IsogramCheckerTest" time="0.001"/>
  <testcase name="testLowercaseIsogram" classname="IsogramCheckerTest" time="0.001"/>
  <testcase name="testNotIsogram" classname="IsogramCheckerTest" time="0.001"/>
  <testcase name="testMadeUpNameThatIsAnIsogram" classname="IsogramCheckerTest" time="0.002"/>
  <testcase name="testEmptyString" classname="IsogramCheckerTest" time="0.001"/>
  <testcase name="testIsogramWithHyphen" classname="IsogramCheckerTest" time="0.002"/>
  <testcase name="testSameFirstAndLast" classname="IsogramCheckerTest" time="0.001"/>
  <testcase name="testDuplicatMixedCase" classname="IsogramCheckerTest" time="0.001"/>
  <testcase name="testMediumLongIsogram" classname="IsogramCheckerTest" time="0.001"/>
  <testcase name="testDuplicatedCharacterInTheMiddleIsNotIsogram" classname="IsogramCheckerTest" time="0.0"/>
  <system-out><![CDATA[phrase is: [C@5be9f71a
zzyzx
word is: zzyzx
word is: zzyzx
word is: zzyzx
word is: zzyzx
word is: zzyzx
phrase is: [C@7ff349ab
six-year-old
word is: six-year-old
word is: six-year-old
word is: six-year-old
word is: six-year-old
char is: -
word is: six-year-old
word is: six-year-old
word is: six-year-old
word is: six-year-old
word is: six-year-old
char is: -
word is: six-year-old
word is: six-year-old
word is: six-year-old
phrase is: [C@593f3954
alphabet
word is: alphabet
word is: alphabet
word is: alphabet
word is: alphabet
word is: alphabet
word is: alphabet
word is: alphabet
word is: alphabet
phrase is: [C@28b9154e
isogram
word is: isogram
word is: isogram
word is: isogram
word is: isogram
word is: isogram
word is: isogram
word is: isogram
phrase is: [C@6be2ef4c
eleven
word is: eleven
word is: eleven
word is: eleven
word is: eleven
word is: eleven
word is: eleven
phrase is: [C@23e160ab
emily jung schwartzkopf
word is: emily jung schwartzkopf
word is: emily jung schwartzkopf
word is: emily jung schwartzkopf
word is: emily jung schwartzkopf
word is: emily jung schwartzkopf
word is: emily jung schwartzkopf
char is:  
word is: emily jung schwartzkopf
word is: emily jung schwartzkopf
word is: emily jung schwartzkopf
word is: emily jung schwartzkopf
word is: emily jung schwartzkopf
char is:  
word is: emily jung schwartzkopf
word is: emily jung schwartzkopf
word is: emily jung schwartzkopf
word is: emily jung schwartzkopf
word is: emily jung schwartzkopf
word is: emily jung schwartzkopf
word is: emily jung schwartzkopf
word is: emily jung schwartzkopf
word is: emily jung schwartzkopf
word is: emily jung schwartzkopf
word is: emily jung schwartzkopf
word is: emily jung schwartzkopf
phrase is: [C@334081a

phrase is: [C@63c77e57
thumbscrew-japingly
word is: thumbscrew-japingly
word is: thumbscrew-japingly
word is: thumbscrew-japingly
word is: thumbscrew-japingly
word is: thumbscrew-japingly
word is: thumbscrew-japingly
word is: thumbscrew-japingly
word is: thumbscrew-japingly
word is: thumbscrew-japingly
word is: thumbscrew-japingly
word is: thumbscrew-japingly
char is: -
word is: thumbscrew-japingly
word is: thumbscrew-japingly
word is: thumbscrew-japingly
word is: thumbscrew-japingly
word is: thumbscrew-japingly
word is: thumbscrew-japingly
word is: thumbscrew-japingly
word is: thumbscrew-japingly
phrase is: [C@1f2375ec
angola
word is: angola
word is: angola
word is: angola
word is: angola
word is: angola
word is: angola
phrase is: [C@37efba9b
alphabet
word is: alphabet
word is: alphabet
word is: alphabet
word is: alphabet
word is: alphabet
word is: alphabet
word is: alphabet
word is: alphabet
phrase is: [C@143800a4
subdermatoglyphic
word is: subdermatoglyphic
word is: subdermatoglyphic
word is: subdermatoglyphic
word is: subdermatoglyphic
word is: subdermatoglyphic
word is: subdermatoglyphic
word is: subdermatoglyphic
word is: subdermatoglyphic
word is: subdermatoglyphic
word is: subdermatoglyphic
word is: subdermatoglyphic
word is: subdermatoglyphic
word is: subdermatoglyphic
word is: subdermatoglyphic
word is: subdermatoglyphic
word is: subdermatoglyphic
word is: subdermatoglyphic
phrase is: [C@4cd5f1b2
accentor
word is: accentor
word is: accentor
word is: accentor
word is: accentor
word is: accentor
word is: accentor
word is: accentor
word is: accentor
]]></system-out>
  <system-err><![CDATA[]]></system-err>
</testsuite>
