<?xml version="1.0" encoding="UTF-8"?>
<testsuite name="IsogramCheckerTest" tests="12" skipped="1" failures="0" errors="0" timestamp="2019-02-08T14:35:02" hostname="Andrews-MacBook-Pro.local" time="0.029">
  <properties/>
  <testcase name="testDuplicateEndAlphabet" classname="IsogramCheckerTest" time="0.011"/>
  <testcase name="testIsogramWithDuplicatedHyphen" classname="IsogramCheckerTest" time="0.006"/>
  <testcase name="testCaseInsensitive" classname="IsogramCheckerTest" time="0.001"/>
  <testcase name="testLowercaseIsogram" classname="IsogramCheckerTest" time="0.0"/>
  <testcase name="testNotIsogram" classname="IsogramCheckerTest" time="0.0"/>
  <testcase name="testMadeUpNameThatIsAnIsogram" classname="IsogramCheckerTest" time="0.0">
    <skipped/>
  </testcase>
  <testcase name="testEmptyString" classname="IsogramCheckerTest" time="0.001"/>
  <testcase name="testIsogramWithHyphen" classname="IsogramCheckerTest" time="0.002"/>
  <testcase name="testSameFirstAndLast" classname="IsogramCheckerTest" time="0.0"/>
  <testcase name="testDuplicatMixedCase" classname="IsogramCheckerTest" time="0.0"/>
  <testcase name="testMediumLongIsogram" classname="IsogramCheckerTest" time="0.001"/>
  <testcase name="testDuplicatedCharacterInTheMiddleIsNotIsogram" classname="IsogramCheckerTest" time="0.001"/>
  <system-out><![CDATA[phrase is: [C@1add28f7
zzyzx
word is: zzyzx
word is: zzyzx
word is: zzyzx
word is: zzyzx
word is: zzyzx
phrase is: [C@4640b0d4
six-year-old
word is: six-year-old
word is: six-year-old
word is: six-year-old
word is: six-year-old
char is: -
word is: six-year-old
word is: six-year-old
word is: six-year-old
word is: six-year-old
word is: six-year-old
char is: -
word is: six-year-old
word is: six-year-old
word is: six-year-old
phrase is: [C@28b9154e
alphabet
word is: alphabet
word is: alphabet
word is: alphabet
word is: alphabet
word is: alphabet
word is: alphabet
word is: alphabet
word is: alphabet
phrase is: [C@6be2ef4c
isogram
word is: isogram
word is: isogram
word is: isogram
word is: isogram
word is: isogram
word is: isogram
word is: isogram
phrase is: [C@23e160ab
eleven
word is: eleven
word is: eleven
word is: eleven
word is: eleven
word is: eleven
word is: eleven
phrase is: [C@143800a4

phrase is: [C@4cd5f1b2
thumbscrew-japingly
word is: thumbscrew-japingly
word is: thumbscrew-japingly
word is: thumbscrew-japingly
word is: thumbscrew-japingly
word is: thumbscrew-japingly
word is: thumbscrew-japingly
word is: thumbscrew-japingly
word is: thumbscrew-japingly
word is: thumbscrew-japingly
word is: thumbscrew-japingly
word is: thumbscrew-japingly
char is: -
word is: thumbscrew-japingly
word is: thumbscrew-japingly
word is: thumbscrew-japingly
word is: thumbscrew-japingly
word is: thumbscrew-japingly
word is: thumbscrew-japingly
word is: thumbscrew-japingly
word is: thumbscrew-japingly
phrase is: [C@48dd71d1
angola
word is: angola
word is: angola
word is: angola
word is: angola
word is: angola
word is: angola
phrase is: [C@22c2133
alphabet
word is: alphabet
word is: alphabet
word is: alphabet
word is: alphabet
word is: alphabet
word is: alphabet
word is: alphabet
word is: alphabet
phrase is: [C@56c52cf2
subdermatoglyphic
word is: subdermatoglyphic
word is: subdermatoglyphic
word is: subdermatoglyphic
word is: subdermatoglyphic
word is: subdermatoglyphic
word is: subdermatoglyphic
word is: subdermatoglyphic
word is: subdermatoglyphic
word is: subdermatoglyphic
word is: subdermatoglyphic
word is: subdermatoglyphic
word is: subdermatoglyphic
word is: subdermatoglyphic
word is: subdermatoglyphic
word is: subdermatoglyphic
word is: subdermatoglyphic
word is: subdermatoglyphic
phrase is: [C@35fe1ff9
accentor
word is: accentor
word is: accentor
word is: accentor
word is: accentor
word is: accentor
word is: accentor
word is: accentor
word is: accentor
]]></system-out>
  <system-err><![CDATA[]]></system-err>
</testsuite>
